<?xml version="1.0" encoding="UTF-8"?>
<!-- Generated by org.testng.reporters.JUnitReportReporter -->
<testsuite hostname="MWDH-Work2" failures="0" tests="1" name="ass1W11D4.ChangingcontextwithAppium.TestAss1W11D4" time="57.608" errors="0" timestamp="2022-08-24T01:35:02 AST" skipped="0">
  <testcase classname="ass1W11D4.ChangingcontextwithAppium.TestAss1W11D4" name="Test1" time="57.608"/>
  <system-out/>
</testsuite> <!-- ass1W11D4.ChangingcontextwithAppium.TestAss1W11D4 -->
